0 info it worked if it ends with ok
1 verbose cli [ '/Users/Matt/.nvm/v0.10.38/bin/node',
1 verbose cli   '/Users/Matt/.nvm/v0.10.38/bin/npm',
1 verbose cli   'install',
1 verbose cli   '--save',
1 verbose cli   'martyjs' ]
2 info using npm@1.4.28
3 info using node@v0.10.38
4 warn package.json karma-phantomjs-launcher@0.1.4 No README data
5 verbose readDependencies using package.json deps
6 verbose cache add [ 'martyjs', null ]
7 verbose cache add name=undefined spec="martyjs" args=["martyjs",null]
8 verbose parsed url { protocol: null,
8 verbose parsed url   slashes: null,
8 verbose parsed url   auth: null,
8 verbose parsed url   host: null,
8 verbose parsed url   port: null,
8 verbose parsed url   hostname: null,
8 verbose parsed url   hash: null,
8 verbose parsed url   search: null,
8 verbose parsed url   query: null,
8 verbose parsed url   pathname: 'martyjs',
8 verbose parsed url   path: 'martyjs',
8 verbose parsed url   href: 'martyjs' }
9 silly lockFile 655608dd-martyjs martyjs
10 verbose lock martyjs /Users/Matt/.npm/655608dd-martyjs.lock
11 silly lockFile 655608dd-martyjs martyjs
12 silly lockFile 655608dd-martyjs martyjs
13 verbose addNamed [ 'martyjs', '' ]
14 verbose addNamed [ null, '*' ]
15 silly lockFile 68a54991-martyjs martyjs@
16 verbose lock martyjs@ /Users/Matt/.npm/68a54991-martyjs.lock
17 silly addNameRange { name: 'martyjs', range: '*', hasData: false }
18 verbose request where is /martyjs
19 verbose request registry https://registry.npmjs.org/
20 verbose request id 2329080b4e506c33
21 verbose url raw /martyjs
22 verbose url resolving [ 'https://registry.npmjs.org/', './martyjs' ]
23 verbose url resolved https://registry.npmjs.org/martyjs
24 verbose request where is https://registry.npmjs.org/martyjs
25 info trying registry request attempt 1 at 12:39:48
26 http GET https://registry.npmjs.org/martyjs
27 http 404 https://registry.npmjs.org/martyjs
28 verbose headers { server: 'CouchDB/1.5.0 (Erlang OTP/R16B03)',
28 verbose headers   'content-type': 'application/json',
28 verbose headers   'cache-control': 'max-age=0',
28 verbose headers   'content-length': '51',
28 verbose headers   'accept-ranges': 'bytes',
28 verbose headers   date: 'Sun, 31 May 2015 11:39:48 GMT',
28 verbose headers   via: '1.1 varnish',
28 verbose headers   age: '0',
28 verbose headers   connection: 'keep-alive',
28 verbose headers   'x-served-by': 'cache-lhr6321-LHR',
28 verbose headers   'x-cache': 'MISS',
28 verbose headers   'x-cache-hits': '0',
28 verbose headers   'x-timer': 'S1433072388.534655,VS0,VE157' }
29 silly registry.get cb [ 404,
29 silly registry.get   { server: 'CouchDB/1.5.0 (Erlang OTP/R16B03)',
29 silly registry.get     'content-type': 'application/json',
29 silly registry.get     'cache-control': 'max-age=0',
29 silly registry.get     'content-length': '51',
29 silly registry.get     'accept-ranges': 'bytes',
29 silly registry.get     date: 'Sun, 31 May 2015 11:39:48 GMT',
29 silly registry.get     via: '1.1 varnish',
29 silly registry.get     age: '0',
29 silly registry.get     connection: 'keep-alive',
29 silly registry.get     'x-served-by': 'cache-lhr6321-LHR',
29 silly registry.get     'x-cache': 'MISS',
29 silly registry.get     'x-cache-hits': '0',
29 silly registry.get     'x-timer': 'S1433072388.534655,VS0,VE157' } ]
30 silly lockFile 68a54991-martyjs martyjs@
31 silly lockFile 68a54991-martyjs martyjs@
32 error 404 404 Not Found: martyjs
32 error 404
32 error 404 'martyjs' is not in the npm registry.
32 error 404 You should bug the author to publish it
32 error 404 It was specified as a dependency of 'mattliving'
32 error 404
32 error 404 Note that you can also install from a
32 error 404 tarball, folder, or http url, or git url.
33 error System Darwin 14.0.0
34 error command "/Users/Matt/.nvm/v0.10.38/bin/node" "/Users/Matt/.nvm/v0.10.38/bin/npm" "install" "--save" "martyjs"
35 error cwd /Users/Matt/Projects/mattliving
36 error node -v v0.10.38
37 error npm -v 1.4.28
38 error code E404
39 verbose exit [ 1, true ]
